<?xml version="1.0" encoding="UTF-8"?>
<coverage generated="1620216544518" clover="3.2.0">
  <project timestamp="1620216544518" name="All files">
    <metrics statements="59" coveredstatements="57" conditionals="16" coveredconditionals="13" methods="9" coveredmethods="9" elements="84" coveredelements="79" complexity="0" loc="59" ncloc="59" packages="1" files="3" classes="3"/>
    <file name="app.js" path="/home/shooter/PROJECTS/Lambda/correctarium/src/app.js">
      <metrics statements="11" coveredstatements="11" conditionals="0" coveredconditionals="0" methods="3" coveredmethods="3"/>
      <line num="9" count="3" type="stmt"/>
      <line num="10" count="3" type="stmt"/>
      <line num="12" count="3" type="stmt"/>
      <line num="13" count="1" type="stmt"/>
      <line num="14" count="1" type="stmt"/>
      <line num="17" count="3" type="stmt"/>
      <line num="18" count="2" type="stmt"/>
      <line num="23" count="2" type="stmt"/>
      <line num="25" count="2" type="stmt"/>
      <line num="26" count="2" type="stmt"/>
      <line num="29" count="3" type="stmt"/>
    </file>
    <file name="conditions.js" path="/home/shooter/PROJECTS/Lambda/correctarium/src/conditions.js">
      <metrics statements="4" coveredstatements="4" conditionals="0" coveredconditionals="0" methods="0" coveredmethods="0"/>
      <line num="1" count="2" type="stmt"/>
      <line num="16" count="2" type="stmt"/>
      <line num="31" count="2" type="stmt"/>
      <line num="42" count="2" type="stmt"/>
    </file>
    <file name="processors.js" path="/home/shooter/PROJECTS/Lambda/correctarium/src/processors.js">
      <metrics statements="44" coveredstatements="42" conditionals="16" coveredconditionals="13" methods="6" coveredmethods="6"/>
      <line num="1" count="2" type="stmt"/>
      <line num="2" count="6" type="stmt"/>
      <line num="3" count="6" type="stmt"/>
      <line num="4" count="6" type="cond" truecount="1" falsecount="1"/>
      <line num="6" count="6" type="stmt"/>
      <line num="9" count="2" type="stmt"/>
      <line num="10" count="6" type="stmt"/>
      <line num="11" count="6" type="stmt"/>
      <line num="12" count="6" type="stmt"/>
      <line num="13" count="6" type="cond" truecount="2" falsecount="0"/>
      <line num="15" count="6" type="stmt"/>
      <line num="18" count="2" type="stmt"/>
      <line num="19" count="9" type="stmt"/>
      <line num="21" count="9" type="stmt"/>
      <line num="22" count="10" type="stmt"/>
      <line num="23" count="10" type="stmt"/>
      <line num="24" count="10" type="stmt"/>
      <line num="25" count="10" type="cond" truecount="2" falsecount="0"/>
      <line num="26" count="1" type="stmt"/>
      <line num="27" count="1" type="stmt"/>
      <line num="28" count="1" type="stmt"/>
      <line num="32" count="9" type="stmt"/>
      <line num="33" count="9" type="cond" truecount="3" falsecount="1"/>
      <line num="34" count="0" type="stmt"/>
      <line num="36" count="9" type="cond" truecount="1" falsecount="1"/>
      <line num="37" count="0" type="stmt"/>
      <line num="40" count="9" type="stmt"/>
      <line num="41" count="9" type="stmt"/>
      <line num="42" count="92" type="stmt"/>
      <line num="43" count="92" type="stmt"/>
      <line num="44" count="92" type="cond" truecount="2" falsecount="0"/>
      <line num="45" count="10" type="stmt"/>
      <line num="46" count="10" type="stmt"/>
      <line num="49" count="9" type="stmt"/>
      <line num="52" count="9" type="stmt"/>
      <line num="53" count="9" type="stmt"/>
      <line num="56" count="2" type="stmt"/>
      <line num="64" count="4" type="stmt"/>
      <line num="65" count="4" type="cond" truecount="2" falsecount="0"/>
      <line num="67" count="4" type="stmt"/>
      <line num="68" count="4" type="stmt"/>
      <line num="69" count="4" type="stmt"/>
      <line num="71" count="4" type="stmt"/>
      <line num="73" count="4" type="stmt"/>
    </file>
  </project>
</coverage>
