<?xml version="1.0" encoding="UTF-8"?>
<coverage generated="1620334280856" clover="3.2.0">
  <project timestamp="1620334280857" name="All files">
    <metrics statements="61" coveredstatements="61" conditionals="19" coveredconditionals="17" methods="9" coveredmethods="9" elements="89" coveredelements="87" complexity="0" loc="61" ncloc="61" packages="1" files="3" classes="3"/>
    <file name="app.js" path="/home/shooter/PROJECTS/Lambda/correctarium/src/app.js">
      <metrics statements="12" coveredstatements="12" conditionals="0" coveredconditionals="0" methods="3" coveredmethods="3"/>
      <line num="9" count="3" type="stmt"/>
      <line num="10" count="3" type="stmt"/>
      <line num="12" count="3" type="stmt"/>
      <line num="13" count="1" type="stmt"/>
      <line num="14" count="1" type="stmt"/>
      <line num="17" count="3" type="stmt"/>
      <line num="23" count="2" type="stmt"/>
      <line num="24" count="2" type="stmt"/>
      <line num="25" count="2" type="stmt"/>
      <line num="27" count="2" type="stmt"/>
      <line num="28" count="2" type="stmt"/>
      <line num="31" count="3" type="stmt"/>
    </file>
    <file name="conditions.js" path="/home/shooter/PROJECTS/Lambda/correctarium/src/conditions.js">
      <metrics statements="4" coveredstatements="4" conditionals="0" coveredconditionals="0" methods="0" coveredmethods="0"/>
      <line num="1" count="3" type="stmt"/>
      <line num="16" count="3" type="stmt"/>
      <line num="31" count="3" type="stmt"/>
      <line num="44" count="3" type="stmt"/>
    </file>
    <file name="processors.js" path="/home/shooter/PROJECTS/Lambda/correctarium/src/processors.js">
      <metrics statements="45" coveredstatements="45" conditionals="19" coveredconditionals="17" methods="6" coveredmethods="6"/>
      <line num="1" count="3" type="stmt"/>
      <line num="2" count="4" type="stmt"/>
      <line num="3" count="4" type="stmt"/>
      <line num="4" count="4" type="cond" truecount="1" falsecount="1"/>
      <line num="6" count="4" type="stmt"/>
      <line num="9" count="3" type="stmt"/>
      <line num="10" count="4" type="stmt"/>
      <line num="11" count="4" type="stmt"/>
      <line num="12" count="4" type="stmt"/>
      <line num="13" count="4" type="cond" truecount="2" falsecount="0"/>
      <line num="15" count="4" type="stmt"/>
      <line num="18" count="3" type="cond" truecount="0" falsecount="1"/>
      <line num="19" count="20" type="stmt"/>
      <line num="21" count="20" type="stmt"/>
      <line num="22" count="33" type="stmt"/>
      <line num="23" count="33" type="cond" truecount="2" falsecount="0"/>
      <line num="24" count="9" type="stmt"/>
      <line num="25" count="18" type="stmt"/>
      <line num="30" count="20" type="stmt"/>
      <line num="31" count="317" type="stmt"/>
      <line num="32" count="317" type="cond" truecount="2" falsecount="0"/>
      <line num="33" count="29" type="stmt"/>
      <line num="34" count="29" type="stmt"/>
      <line num="35" count="29" type="stmt"/>
      <line num="39" count="20" type="stmt"/>
      <line num="41" count="20" type="cond" truecount="4" falsecount="0"/>
      <line num="42" count="5" type="stmt"/>
      <line num="43" count="5" type="stmt"/>
      <line num="46" count="20" type="cond" truecount="2" falsecount="0"/>
      <line num="47" count="3" type="stmt"/>
      <line num="50" count="20" type="cond" truecount="2" falsecount="0"/>
      <line num="51" count="4" type="stmt"/>
      <line num="52" count="4" type="stmt"/>
      <line num="53" count="4" type="stmt"/>
      <line num="56" count="20" type="stmt"/>
      <line num="57" count="317" type="stmt"/>
      <line num="58" count="317" type="stmt"/>
      <line num="61" count="20" type="stmt"/>
      <line num="64" count="3" type="stmt"/>
      <line num="70" count="2" type="stmt"/>
      <line num="71" count="2" type="cond" truecount="2" falsecount="0"/>
      <line num="73" count="2" type="stmt"/>
      <line num="74" count="2" type="stmt"/>
      <line num="75" count="2" type="stmt"/>
      <line num="77" count="2" type="stmt"/>
    </file>
  </project>
</coverage>
