{"/home/shooter/PROJECTS/Lambda/correctarium/src/app.js": {"path":"/home/shooter/PROJECTS/Lambda/correctarium/src/app.js","statementMap":{"0":{"start":{"line":9,"column":14},"end":{"line":9,"column":23}},"1":{"start":{"line":10,"column":2},"end":{"line":10,"column":26}},"2":{"start":{"line":12,"column":2},"end":{"line":15,"column":5}},"3":{"start":{"line":13,"column":4},"end":{"line":13,"column":20}},"4":{"start":{"line":14,"column":4},"end":{"line":14,"column":41}},"5":{"start":{"line":17,"column":2},"end":{"line":29,"column":5}},"6":{"start":{"line":23,"column":8},"end":{"line":23,"column":16}},"7":{"start":{"line":24,"column":30},"end":{"line":24,"column":90}},"8":{"start":{"line":25,"column":21},"end":{"line":25,"column":77}},"9":{"start":{"line":27,"column":4},"end":{"line":27,"column":20}},"10":{"start":{"line":28,"column":4},"end":{"line":28,"column":44}},"11":{"start":{"line":31,"column":2},"end":{"line":31,"column":13}}},"fnMap":{"0":{"name":"(anonymous_0)","decl":{"start":{"line":5,"column":15},"end":{"line":5,"column":16}},"loc":{"start":{"line":5,"column":21},"end":{"line":32,"column":1}},"line":5},"1":{"name":"(anonymous_1)","decl":{"start":{"line":12,"column":15},"end":{"line":12,"column":16}},"loc":{"start":{"line":12,"column":29},"end":{"line":15,"column":3}},"line":12},"2":{"name":"(anonymous_2)","decl":{"start":{"line":17,"column":25},"end":{"line":17,"column":26}},"loc":{"start":{"line":17,"column":39},"end":{"line":29,"column":3}},"line":17}},"branchMap":{},"s":{"0":3,"1":3,"2":3,"3":1,"4":1,"5":3,"6":2,"7":2,"8":2,"9":2,"10":2,"11":3},"f":{"0":3,"1":1,"2":2},"b":{},"_coverageSchema":"1a1c01bbd47fc00a2c39e90264f33305004495a9","hash":"6ffa0f1aadb0ca013c7d6387ffe1c9da73bc515b"}
,"/home/shooter/PROJECTS/Lambda/correctarium/src/conditions.js": {"path":"/home/shooter/PROJECTS/Lambda/correctarium/src/conditions.js","statementMap":{"0":{"start":{"line":1,"column":15},"end":{"line":14,"column":1}},"1":{"start":{"line":16,"column":21},"end":{"line":29,"column":1}},"2":{"start":{"line":31,"column":19},"end":{"line":42,"column":1}},"3":{"start":{"line":44,"column":20},"end":{"line":44,"column":54}}},"fnMap":{},"branchMap":{},"s":{"0":3,"1":3,"2":3,"3":3},"f":{},"b":{},"_coverageSchema":"1a1c01bbd47fc00a2c39e90264f33305004495a9","hash":"afe5017e4fb42b2cd98830fc9282e4813998e572"}
,"/home/shooter/PROJECTS/Lambda/correctarium/src/processors.js": {"path":"/home/shooter/PROJECTS/Lambda/correctarium/src/processors.js","statementMap":{"0":{"start":{"line":1,"column":23},"end":{"line":7,"column":1}},"1":{"start":{"line":2,"column":30},"end":{"line":2,"column":42}},"2":{"start":{"line":3,"column":21},"end":{"line":3,"column":37}},"3":{"start":{"line":4,"column":21},"end":{"line":4,"column":66}},"4":{"start":{"line":6,"column":2},"end":{"line":6,"column":20}},"5":{"start":{"line":9,"column":28},"end":{"line":16,"column":1}},"6":{"start":{"line":10,"column":22},"end":{"line":10,"column":25}},"7":{"start":{"line":11,"column":32},"end":{"line":11,"column":44}},"8":{"start":{"line":12,"column":27},"end":{"line":12,"column":43}},"9":{"start":{"line":13,"column":21},"end":{"line":13,"column":87}},"10":{"start":{"line":15,"column":2},"end":{"line":15,"column":39}},"11":{"start":{"line":18,"column":27},"end":{"line":64,"column":1}},"12":{"start":{"line":19,"column":22},"end":{"line":19,"column":67}},"13":{"start":{"line":20,"column":20},"end":{"line":20,"column":61}},"14":{"start":{"line":21,"column":25},"end":{"line":21,"column":35}},"15":{"start":{"line":23,"column":23},"end":{"line":30,"column":3}},"16":{"start":{"line":24,"column":20},"end":{"line":24,"column":33}},"17":{"start":{"line":25,"column":4},"end":{"line":29,"column":5}},"18":{"start":{"line":26,"column":6},"end":{"line":28,"column":7}},"19":{"start":{"line":27,"column":8},"end":{"line":27,"column":41}},"20":{"start":{"line":32,"column":24},"end":{"line":39,"column":3}},"21":{"start":{"line":33,"column":23},"end":{"line":33,"column":38}},"22":{"start":{"line":34,"column":4},"end":{"line":38,"column":5}},"23":{"start":{"line":35,"column":6},"end":{"line":35,"column":39}},"24":{"start":{"line":36,"column":6},"end":{"line":36,"column":25}},"25":{"start":{"line":37,"column":6},"end":{"line":37,"column":35}},"26":{"start":{"line":41,"column":19},"end":{"line":41,"column":39}},"27":{"start":{"line":43,"column":2},"end":{"line":46,"column":3}},"28":{"start":{"line":44,"column":4},"end":{"line":44,"column":34}},"29":{"start":{"line":45,"column":4},"end":{"line":45,"column":37}},"30":{"start":{"line":48,"column":2},"end":{"line":50,"column":3}},"31":{"start":{"line":49,"column":4},"end":{"line":49,"column":47}},"32":{"start":{"line":52,"column":2},"end":{"line":56,"column":3}},"33":{"start":{"line":53,"column":4},"end":{"line":53,"column":28}},"34":{"start":{"line":54,"column":4},"end":{"line":54,"column":34}},"35":{"start":{"line":55,"column":4},"end":{"line":55,"column":37}},"36":{"start":{"line":58,"column":2},"end":{"line":61,"column":3}},"37":{"start":{"line":58,"column":15},"end":{"line":58,"column":16}},"38":{"start":{"line":59,"column":4},"end":{"line":59,"column":49}},"39":{"start":{"line":60,"column":4},"end":{"line":60,"column":29}},"40":{"start":{"line":63,"column":2},"end":{"line":63,"column":36}},"41":{"start":{"line":66,"column":35},"end":{"line":80,"column":1}},"42":{"start":{"line":72,"column":6},"end":{"line":72,"column":16}},"43":{"start":{"line":73,"column":16},"end":{"line":73,"column":57}},"44":{"start":{"line":75,"column":22},"end":{"line":75,"column":40}},"45":{"start":{"line":76,"column":15},"end":{"line":76,"column":61}},"46":{"start":{"line":77,"column":20},"end":{"line":77,"column":89}},"47":{"start":{"line":79,"column":2},"end":{"line":79,"column":27}}},"fnMap":{"0":{"name":"(anonymous_0)","decl":{"start":{"line":1,"column":23},"end":{"line":1,"column":24}},"loc":{"start":{"line":1,"column":51},"end":{"line":7,"column":1}},"line":1},"1":{"name":"(anonymous_1)","decl":{"start":{"line":9,"column":28},"end":{"line":9,"column":29}},"loc":{"start":{"line":9,"column":56},"end":{"line":16,"column":1}},"line":9},"2":{"name":"(anonymous_2)","decl":{"start":{"line":18,"column":27},"end":{"line":18,"column":28}},"loc":{"start":{"line":18,"column":60},"end":{"line":64,"column":1}},"line":18},"3":{"name":"(anonymous_3)","decl":{"start":{"line":23,"column":23},"end":{"line":23,"column":24}},"loc":{"start":{"line":23,"column":33},"end":{"line":30,"column":3}},"line":23},"4":{"name":"(anonymous_4)","decl":{"start":{"line":32,"column":24},"end":{"line":32,"column":25}},"loc":{"start":{"line":32,"column":34},"end":{"line":39,"column":3}},"line":32},"5":{"name":"(anonymous_5)","decl":{"start":{"line":66,"column":35},"end":{"line":66,"column":36}},"loc":{"start":{"line":66,"column":76},"end":{"line":80,"column":1}},"line":66}},"branchMap":{"0":{"loc":{"start":{"line":4,"column":21},"end":{"line":4,"column":66}},"type":"cond-expr","locations":[{"start":{"line":4,"column":45},"end":{"line":4,"column":53}},{"start":{"line":4,"column":56},"end":{"line":4,"column":66}}],"line":4},"1":{"loc":{"start":{"line":13,"column":21},"end":{"line":13,"column":87}},"type":"cond-expr","locations":[{"start":{"line":13,"column":44},"end":{"line":13,"column":54}},{"start":{"line":13,"column":57},"end":{"line":13,"column":87}}],"line":13},"2":{"loc":{"start":{"line":20,"column":20},"end":{"line":20,"column":61}},"type":"cond-expr","locations":[{"start":{"line":20,"column":34},"end":{"line":20,"column":48}},{"start":{"line":20,"column":51},"end":{"line":20,"column":61}}],"line":20},"3":{"loc":{"start":{"line":25,"column":4},"end":{"line":29,"column":5}},"type":"if","locations":[{"start":{"line":25,"column":4},"end":{"line":29,"column":5}},{"start":{"line":25,"column":4},"end":{"line":29,"column":5}}],"line":25},"4":{"loc":{"start":{"line":34,"column":4},"end":{"line":38,"column":5}},"type":"if","locations":[{"start":{"line":34,"column":4},"end":{"line":38,"column":5}},{"start":{"line":34,"column":4},"end":{"line":38,"column":5}}],"line":34},"5":{"loc":{"start":{"line":43,"column":2},"end":{"line":46,"column":3}},"type":"if","locations":[{"start":{"line":43,"column":2},"end":{"line":46,"column":3}},{"start":{"line":43,"column":2},"end":{"line":46,"column":3}}],"line":43},"6":{"loc":{"start":{"line":43,"column":6},"end":{"line":43,"column":49}},"type":"binary-expr","locations":[{"start":{"line":43,"column":6},"end":{"line":43,"column":26}},{"start":{"line":43,"column":30},"end":{"line":43,"column":49}}],"line":43},"7":{"loc":{"start":{"line":48,"column":2},"end":{"line":50,"column":3}},"type":"if","locations":[{"start":{"line":48,"column":2},"end":{"line":50,"column":3}},{"start":{"line":48,"column":2},"end":{"line":50,"column":3}}],"line":48},"8":{"loc":{"start":{"line":52,"column":2},"end":{"line":56,"column":3}},"type":"if","locations":[{"start":{"line":52,"column":2},"end":{"line":56,"column":3}},{"start":{"line":52,"column":2},"end":{"line":56,"column":3}}],"line":52},"9":{"loc":{"start":{"line":73,"column":16},"end":{"line":73,"column":57}},"type":"cond-expr","locations":[{"start":{"line":73,"column":43},"end":{"line":73,"column":44}},{"start":{"line":73,"column":47},"end":{"line":73,"column":57}}],"line":73}},"s":{"0":3,"1":4,"2":4,"3":4,"4":4,"5":3,"6":4,"7":4,"8":4,"9":4,"10":4,"11":3,"12":20,"13":20,"14":20,"15":20,"16":33,"17":33,"18":9,"19":18,"20":20,"21":317,"22":317,"23":29,"24":29,"25":29,"26":20,"27":20,"28":5,"29":5,"30":20,"31":3,"32":20,"33":4,"34":4,"35":4,"36":20,"37":20,"38":317,"39":317,"40":20,"41":3,"42":2,"43":2,"44":2,"45":2,"46":2,"47":2},"f":{"0":4,"1":4,"2":20,"3":33,"4":317,"5":2},"b":{"0":[0,4],"1":[1,3],"2":[20,0],"3":[9,24],"4":[29,288],"5":[5,15],"6":[20,18],"7":[3,17],"8":[4,16],"9":[1,1]},"_coverageSchema":"1a1c01bbd47fc00a2c39e90264f33305004495a9","hash":"e86b4e934cd172fee25377199c454334b8c45da1"}
}
