TN:
SF:src/app.js
FN:5,(anonymous_0)
FN:12,(anonymous_1)
FN:17,(anonymous_2)
FNF:3
FNH:3
FNDA:3,(anonymous_0)
FNDA:1,(anonymous_1)
FNDA:2,(anonymous_2)
DA:9,3
DA:10,3
DA:12,3
DA:13,1
DA:14,1
DA:17,3
DA:23,2
DA:24,2
DA:25,2
DA:27,2
DA:28,2
DA:31,3
LF:12
LH:12
BRF:0
BRH:0
end_of_record
TN:
SF:src/conditions.js
FNF:0
FNH:0
DA:1,3
DA:16,3
DA:31,3
DA:44,3
LF:4
LH:4
BRF:0
BRH:0
end_of_record
TN:
SF:src/processors.js
FN:1,(anonymous_0)
FN:9,(anonymous_1)
FN:18,(anonymous_2)
FN:21,(anonymous_3)
FN:30,(anonymous_4)
FN:64,(anonymous_5)
FNF:6
FNH:6
FNDA:4,(anonymous_0)
FNDA:4,(anonymous_1)
FNDA:20,(anonymous_2)
FNDA:33,(anonymous_3)
FNDA:317,(anonymous_4)
FNDA:2,(anonymous_5)
DA:1,3
DA:2,4
DA:3,4
DA:4,4
DA:6,4
DA:9,3
DA:10,4
DA:11,4
DA:12,4
DA:13,4
DA:15,4
DA:18,3
DA:19,20
DA:21,20
DA:22,33
DA:23,33
DA:24,9
DA:25,18
DA:30,20
DA:31,317
DA:32,317
DA:33,29
DA:34,29
DA:35,29
DA:39,20
DA:41,20
DA:42,5
DA:43,5
DA:46,20
DA:47,3
DA:50,20
DA:51,4
DA:52,4
DA:53,4
DA:56,20
DA:57,317
DA:58,317
DA:61,20
DA:64,3
DA:70,2
DA:71,2
DA:73,2
DA:74,2
DA:75,2
DA:77,2
LF:45
LH:45
BRDA:4,0,0,0
BRDA:4,0,1,4
BRDA:13,1,0,1
BRDA:13,1,1,3
BRDA:18,2,0,0
BRDA:23,3,0,9
BRDA:23,3,1,24
BRDA:32,4,0,29
BRDA:32,4,1,288
BRDA:41,5,0,5
BRDA:41,5,1,15
BRDA:41,6,0,20
BRDA:41,6,1,18
BRDA:46,7,0,3
BRDA:46,7,1,17
BRDA:50,8,0,4
BRDA:50,8,1,16
BRDA:71,9,0,1
BRDA:71,9,1,1
BRF:19
BRH:17
end_of_record
