TN:
SF:src/app.js
FN:5,(anonymous_0)
FN:12,(anonymous_1)
FN:17,(anonymous_2)
FNF:3
FNH:3
FNDA:3,(anonymous_0)
FNDA:1,(anonymous_1)
FNDA:2,(anonymous_2)
DA:9,3
DA:10,3
DA:12,3
DA:13,1
DA:14,1
DA:17,3
DA:23,2
DA:24,2
DA:25,2
DA:27,2
DA:28,2
DA:31,3
LF:12
LH:12
BRF:0
BRH:0
end_of_record
TN:
SF:src/conditions.js
FNF:0
FNH:0
DA:1,3
DA:16,3
DA:31,3
DA:44,3
LF:4
LH:4
BRF:0
BRH:0
end_of_record
TN:
SF:src/processors.js
FN:1,(anonymous_0)
FN:9,(anonymous_1)
FN:18,(anonymous_2)
FN:23,(anonymous_3)
FN:32,(anonymous_4)
FN:66,(anonymous_5)
FNF:6
FNH:6
FNDA:4,(anonymous_0)
FNDA:4,(anonymous_1)
FNDA:20,(anonymous_2)
FNDA:33,(anonymous_3)
FNDA:317,(anonymous_4)
FNDA:2,(anonymous_5)
DA:1,3
DA:2,4
DA:3,4
DA:4,4
DA:6,4
DA:9,3
DA:10,4
DA:11,4
DA:12,4
DA:13,4
DA:15,4
DA:18,3
DA:19,20
DA:20,20
DA:21,20
DA:23,20
DA:24,33
DA:25,33
DA:26,9
DA:27,18
DA:32,20
DA:33,317
DA:34,317
DA:35,29
DA:36,29
DA:37,29
DA:41,20
DA:43,20
DA:44,5
DA:45,5
DA:48,20
DA:49,3
DA:52,20
DA:53,4
DA:54,4
DA:55,4
DA:58,20
DA:59,317
DA:60,317
DA:63,20
DA:66,3
DA:72,2
DA:73,2
DA:75,2
DA:76,2
DA:77,2
DA:79,2
LF:47
LH:47
BRDA:4,0,0,0
BRDA:4,0,1,4
BRDA:13,1,0,1
BRDA:13,1,1,3
BRDA:20,2,0,20
BRDA:20,2,1,0
BRDA:25,3,0,9
BRDA:25,3,1,24
BRDA:34,4,0,29
BRDA:34,4,1,288
BRDA:43,5,0,5
BRDA:43,5,1,15
BRDA:43,6,0,20
BRDA:43,6,1,18
BRDA:48,7,0,3
BRDA:48,7,1,17
BRDA:52,8,0,4
BRDA:52,8,1,16
BRDA:73,9,0,1
BRDA:73,9,1,1
BRF:20
BRH:18
end_of_record
